#
# There is insufficient memory for the Java Runtime Environment to continue.
# Native memory allocation (malloc) failed to allocate 631696 bytes for Chunk::new
# Possible reasons:
#   The system is out of physical RAM or swap space
#   The process is running with CompressedOops enabled, and the Java Heap may be blocking the growth of the native heap
# Possible solutions:
#   Reduce memory load on the system
#   Increase physical memory or swap space
#   Check if swap backing store is full
#   Decrease Java heap size (-Xmx/-Xms)
#   Decrease number of Java threads
#   Decrease Java thread stack sizes (-Xss)
#   Set larger code cache with -XX:ReservedCodeCacheSize=
#   JVM is running with Unscaled Compressed Oops mode in which the Java heap is
#     placed in the first 4GB address space. The Java Heap base address is the
#     maximum limit for the native heap growth. Please use -XX:HeapBaseMinAddress
#     to set the Java Heap base and to place the Java Heap above 4GB virtual address.
# This output file may be truncated or incomplete.
#
#  Out of Memory Error (./src/hotspot/share/memory/arena.cpp:197), pid=6016, tid=8916
#
# JRE version: OpenJDK Runtime Environment (11.0.12+7) (build 11.0.12+7-b1504.28-7817840)
# Java VM: OpenJDK 64-Bit Server VM (11.0.12+7-b1504.28-7817840, mixed mode, tiered, compressed oops, g1 gc, windows-amd64)
# No core dump will be written. Minidumps are not enabled by default on client versions of Windows
#

---------------  S U M M A R Y ------------

Command Line: --add-opens=java.base/java.util=ALL-UNNAMED --add-opens=java.base/java.lang=ALL-UNNAMED --add-opens=java.base/java.lang.invoke=ALL-UNNAMED --add-opens=java.base/java.util=ALL-UNNAMED --add-opens=java.prefs/java.util.prefs=ALL-UNNAMED --add-opens=java.prefs/java.util.prefs=ALL-UNNAMED --add-opens=java.base/java.nio.charset=ALL-UNNAMED --add-opens=java.base/java.net=ALL-UNNAMED --add-opens=java.base/java.util.concurrent.atomic=ALL-UNNAMED -Xmx2048m -Dfile.encoding=UTF-8 -Duser.country=EC -Duser.language=es -Duser.variant org.gradle.launcher.daemon.bootstrap.GradleDaemon 7.3.3

Host: Intel(R) Core(TM) i5-8250U CPU @ 1.60GHz, 8 cores, 7G,  Windows 10 , 64 bit Build 19041 (10.0.19041.1741)
Time: Wed Jun 29 08:45:52 2022 Hora est. Pacífico, Sudamérica elapsed time: 4.276741 seconds (0d 0h 0m 4s)

---------------  T H R E A D  ---------------

Current thread (0x0000026e1b00c800):  JavaThread "C2 CompilerThread0" daemon [_thread_in_native, id=8916, stack(0x000000d7e0000000,0x000000d7e0100000)]


Current CompileTask:
C2:   4276 1936   !   4       java.lang.ClassLoader::loadClass (122 bytes)

Stack: [0x000000d7e0000000,0x000000d7e0100000]
Native frames: (J=compiled Java code, j=interpreted, Vv=VM code, C=native code)
V  [jvm.dll+0x5fbcea]
V  [jvm.dll+0x731905]
V  [jvm.dll+0x732f1d]
V  [jvm.dll+0x7335d3]
V  [jvm.dll+0x247bf8]
V  [jvm.dll+0xc018c]
V  [jvm.dll+0xc06cc]
V  [jvm.dll+0x2bcc04]
V  [jvm.dll+0x5113a8]
V  [jvm.dll+0x208303]
V  [jvm.dll+0x201fe0]
V  [jvm.dll+0x1ff71f]
V  [jvm.dll+0x18868c]
V  [jvm.dll+0x20e0d7]
V  [jvm.dll+0x20c901]
V  [jvm.dll+0x6f9b7f]
V  [jvm.dll+0x6f26a5]
V  [jvm.dll+0x5fabf6]
C  [ucrtbase.dll+0x21bb2]
C  [KERNEL32.DLL+0x17034]
C  [ntdll.dll+0x52651]


---------------  P R O C E S S  ---------------

Threads class SMR info:
_java_thread_list=0x0000026e1d582560, length=23, elements={
0x0000026e7e21d000, 0x0000026e1a662800, 0x0000026e1a666000, 0x0000026e1b004800,
0x0000026e1b005800, 0x0000026e1b009800, 0x0000026e1b00c800, 0x0000026e1b011000,
0x0000026e1a683800, 0x0000026e1b15d000, 0x0000026e1c58b000, 0x0000026e1da17800,
0x0000026e1b240800, 0x0000026e1b7be000, 0x0000026e1da68800, 0x0000026e1d274000,
0x0000026e1c8f6800, 0x0000026e1c8f7800, 0x0000026e1c969800, 0x0000026e1c96c800,
0x0000026e1c96b000, 0x0000026e1c96d800, 0x0000026e1c96e000
}

Java Threads: ( => current thread )
  0x0000026e7e21d000 JavaThread "main" [_thread_blocked, id=11644, stack(0x000000d7df400000,0x000000d7df500000)]
  0x0000026e1a662800 JavaThread "Reference Handler" daemon [_thread_blocked, id=16228, stack(0x000000d7dfb00000,0x000000d7dfc00000)]
  0x0000026e1a666000 JavaThread "Finalizer" daemon [_thread_blocked, id=2292, stack(0x000000d7dfc00000,0x000000d7dfd00000)]
  0x0000026e1b004800 JavaThread "Signal Dispatcher" daemon [_thread_blocked, id=14948, stack(0x000000d7dfd00000,0x000000d7dfe00000)]
  0x0000026e1b005800 JavaThread "Attach Listener" daemon [_thread_blocked, id=8104, stack(0x000000d7dfe00000,0x000000d7dff00000)]
  0x0000026e1b009800 JavaThread "Service Thread" daemon [_thread_blocked, id=6012, stack(0x000000d7dff00000,0x000000d7e0000000)]
=>0x0000026e1b00c800 JavaThread "C2 CompilerThread0" daemon [_thread_in_native, id=8916, stack(0x000000d7e0000000,0x000000d7e0100000)]
  0x0000026e1b011000 JavaThread "C1 CompilerThread0" daemon [_thread_blocked, id=7260, stack(0x000000d7e0100000,0x000000d7e0200000)]
  0x0000026e1a683800 JavaThread "Sweeper thread" daemon [_thread_blocked, id=1864, stack(0x000000d7e0200000,0x000000d7e0300000)]
  0x0000026e1b15d000 JavaThread "Common-Cleaner" daemon [_thread_blocked, id=5220, stack(0x000000d7e0300000,0x000000d7e0400000)]
  0x0000026e1c58b000 JavaThread "Daemon health stats" [_thread_blocked, id=5028, stack(0x000000d7e0900000,0x000000d7e0a00000)]
  0x0000026e1da17800 JavaThread "Incoming local TCP Connector on port 58615" [_thread_in_native, id=14924, stack(0x000000d7e0500000,0x000000d7e0600000)]
  0x0000026e1b240800 JavaThread "Daemon periodic checks" [_thread_blocked, id=9512, stack(0x000000d7e0600000,0x000000d7e0700000)]
  0x0000026e1b7be000 JavaThread "Daemon" [_thread_blocked, id=1364, stack(0x000000d7e0a00000,0x000000d7e0b00000)]
  0x0000026e1da68800 JavaThread "Handler for socket connection from /127.0.0.1:58615 to /127.0.0.1:58616" [_thread_in_native, id=11432, stack(0x000000d7e0b00000,0x000000d7e0c00000)]
  0x0000026e1d274000 JavaThread "Cancel handler" [_thread_blocked, id=4424, stack(0x000000d7e0c00000,0x000000d7e0d00000)]
  0x0000026e1c8f6800 JavaThread "Daemon worker" [_thread_in_native, id=14860, stack(0x000000d7e0d00000,0x000000d7e0e00000)]
  0x0000026e1c8f7800 JavaThread "Asynchronous log dispatcher for DefaultDaemonConnection: socket connection from /127.0.0.1:58615 to /127.0.0.1:58616" [_thread_blocked, id=5228, stack(0x000000d7e0e00000,0x000000d7e0f00000)]
  0x0000026e1c969800 JavaThread "Stdin handler" [_thread_blocked, id=12520, stack(0x000000d7e0f00000,0x000000d7e1000000)]
  0x0000026e1c96c800 JavaThread "Daemon client event forwarder" [_thread_blocked, id=3900, stack(0x000000d7e1000000,0x000000d7e1100000)]
  0x0000026e1c96b000 JavaThread "Cache worker for journal cache (C:\Users\Dany\.gradle\caches\journal-1)" [_thread_blocked, id=12356, stack(0x000000d7e1600000,0x000000d7e1700000)]
  0x0000026e1c96d800 JavaThread "File lock request listener" [_thread_in_native, id=8352, stack(0x000000d7e1700000,0x000000d7e1800000)]
  0x0000026e1c96e000 JavaThread "Cache worker for file hash cache (C:\Users\Dany\.gradle\caches\7.3.3\fileHashes)" [_thread_blocked, id=13984, stack(0x000000d7e1800000,0x000000d7e1900000)]

Other Threads:
  0x0000026e1a65f000 VMThread "VM Thread" [stack: 0x000000d7dfa00000,0x000000d7dfb00000] [id=15776]
  0x0000026e1b16e000 WatcherThread [stack: 0x000000d7e0400000,0x000000d7e0500000] [id=3128]
  0x0000026e7e237000 GCTaskThread "GC Thread#0" [stack: 0x000000d7df500000,0x000000d7df600000] [id=14368]
  0x0000026e1c0df800 GCTaskThread "GC Thread#1" [stack: 0x000000d7e0700000,0x000000d7e0800000] [id=15784]
  0x0000026e1b87b800 GCTaskThread "GC Thread#2" [stack: 0x000000d7e0800000,0x000000d7e0900000] [id=9452]
  0x0000026e1c850000 GCTaskThread "GC Thread#3" [stack: 0x000000d7e1100000,0x000000d7e1200000] [id=16360]
  0x0000026e1d69b800 GCTaskThread "GC Thread#4" [stack: 0x000000d7e1200000,0x000000d7e1300000] [id=11140]
  0x0000026e1d8d8800 GCTaskThread "GC Thread#5" [stack: 0x000000d7e1300000,0x000000d7e1400000] [id=7920]
  0x0000026e1d8d9000 GCTaskThread "GC Thread#6" [stack: 0x000000d7e1400000,0x000000d7e1500000] [id=11992]
  0x0000026e1d6b3000 GCTaskThread "GC Thread#7" [stack: 0x000000d7e1500000,0x000000d7e1600000] [id=15120]
  0x0000026e7e268000 ConcurrentGCThread "G1 Main Marker" [stack: 0x000000d7df600000,0x000000d7df700000] [id=8308]
  0x0000026e7e269800 ConcurrentGCThread "G1 Conc#0" [stack: 0x000000d7df700000,0x000000d7df800000] [id=2524]
  0x0000026e1d079000 ConcurrentGCThread "G1 Conc#1" [stack: 0x000000d7e1900000,0x000000d7e1a00000] [id=7076]
  0x0000026e1a4b0800 ConcurrentGCThread "G1 Refine#0" [stack: 0x000000d7df800000,0x000000d7df900000] [id=12480]
  0x0000026e1a4b1800 ConcurrentGCThread "G1 Young RemSet Sampling" [stack: 0x000000d7df900000,0x000000d7dfa00000] [id=11108]

Threads with active compile tasks:
C2 CompilerThread0   4311 1936   !   4       java.lang.ClassLoader::loadClass (122 bytes)

VM state:not at safepoint (normal execution)

VM Mutex/Monitor currently owned by a thread: None

Heap address: 0x0000000080000000, size: 2048 MB, Compressed Oops mode: 32-bit
Narrow klass base: 0x0000000000000000, Narrow klass shift: 3
Compressed class space size: 1073741824 Address: 0x0000000100000000

Heap:
 garbage-first heap   total 129024K, used 40835K [0x0000000080000000, 0x0000000100000000)
  region size 1024K, 26 young (26624K), 2 survivors (2048K)
 Metaspace       used 23121K, capacity 23634K, committed 23936K, reserved 1079296K
  class space    used 2939K, capacity 3101K, committed 3200K, reserved 1048576K
Heap Regions: E=young(eden), S=young(survivor), O=old, HS=humongous(starts), HC=humongous(continues), CS=collection set, F=free, A=archive, TAMS=top-at-mark-start (previous, next)
|   0|0x0000000080000000, 0x0000000080100000, 0x0000000080100000|100%| O|  |TAMS 0x0000000080100000, 0x0000000080000000| Untracked 
|   1|0x0000000080100000, 0x0000000080200000, 0x0000000080200000|100%| O|  |TAMS 0x0000000080200000, 0x0000000080100000| Untracked 
|   2|0x0000000080200000, 0x0000000080300000, 0x0000000080300000|100%| O|  |TAMS 0x0000000080300000, 0x0000000080200000| Untracked 
|   3|0x0000000080300000, 0x0000000080400000, 0x0000000080400000|100%|HS|  |TAMS 0x0000000080400000, 0x0000000080300000| Complete 
|   4|0x0000000080400000, 0x0000000080500000, 0x0000000080500000|100%|HC|  |TAMS 0x0000000080500000, 0x0000000080400000| Complete 
|   5|0x0000000080500000, 0x0000000080600000, 0x0000000080600000|100%|HC|  |TAMS 0x0000000080600000, 0x0000000080500000| Complete 
|   6|0x0000000080600000, 0x0000000080700000, 0x0000000080700000|100%| O|  |TAMS 0x0000000080700000, 0x0000000080600000| Untracked 
|   7|0x0000000080700000, 0x0000000080800000, 0x0000000080800000|100%| O|  |TAMS 0x0000000080800000, 0x0000000080700000| Untracked 
|   8|0x0000000080800000, 0x0000000080900000, 0x0000000080900000|100%| O|  |TAMS 0x0000000080900000, 0x0000000080800000| Untracked 
|   9|0x0000000080900000, 0x0000000080a00000, 0x0000000080a00000|100%| O|  |TAMS 0x0000000080a00000, 0x0000000080900000| Untracked 
|  10|0x0000000080a00000, 0x0000000080b00000, 0x0000000080b00000|100%| O|  |TAMS 0x0000000080b00000, 0x0000000080a00000| Untracked 
|  11|0x0000000080b00000, 0x0000000080c00000, 0x0000000080c00000|100%| O|  |TAMS 0x0000000080c00000, 0x0000000080b00000| Untracked 
|  12|0x0000000080c00000, 0x0000000080d00000, 0x0000000080d00000|100%| O|  |TAMS 0x0000000080d00000, 0x0000000080c00000| Untracked 
|  13|0x0000000080d00000, 0x0000000080e00000, 0x0000000080e00000|100%| O|  |TAMS 0x0000000080e00000, 0x0000000080d00000| Untracked 
|  14|0x0000000080e00000, 0x0000000080f00000, 0x0000000080f00000|100%| O|  |TAMS 0x0000000080f00000, 0x0000000080e00000| Untracked 
|  15|0x0000000080f00000, 0x0000000080fd7a00, 0x0000000081000000| 84%| O|  |TAMS 0x0000000080fd7a00, 0x0000000080f00000| Untracked 
|  16|0x0000000081000000, 0x0000000081000000, 0x0000000081100000|  0%| F|  |TAMS 0x0000000081000000, 0x0000000081000000| Untracked 
|  17|0x0000000081100000, 0x0000000081100000, 0x0000000081200000|  0%| F|  |TAMS 0x0000000081100000, 0x0000000081100000| Untracked 
|  18|0x0000000081200000, 0x0000000081200000, 0x0000000081300000|  0%| F|  |TAMS 0x0000000081200000, 0x0000000081200000| Untracked 
|  19|0x0000000081300000, 0x0000000081300000, 0x0000000081400000|  0%| F|  |TAMS 0x0000000081300000, 0x0000000081300000| Untracked 
|  20|0x0000000081400000, 0x0000000081400000, 0x0000000081500000|  0%| F|  |TAMS 0x0000000081400000, 0x0000000081400000| Untracked 
|  21|0x0000000081500000, 0x0000000081500000, 0x0000000081600000|  0%| F|  |TAMS 0x0000000081500000, 0x0000000081500000| Untracked 
|  22|0x0000000081600000, 0x0000000081600000, 0x0000000081700000|  0%| F|  |TAMS 0x0000000081600000, 0x0000000081600000| Untracked 
|  23|0x0000000081700000, 0x0000000081700000, 0x0000000081800000|  0%| F|  |TAMS 0x0000000081700000, 0x0000000081700000| Untracked 
|  24|0x0000000081800000, 0x0000000081800000, 0x0000000081900000|  0%| F|  |TAMS 0x0000000081800000, 0x0000000081800000| Untracked 
|  25|0x0000000081900000, 0x0000000081900000, 0x0000000081a00000|  0%| F|  |TAMS 0x0000000081900000, 0x0000000081900000| Untracked 
|  26|0x0000000081a00000, 0x0000000081a00000, 0x0000000081b00000|  0%| F|  |TAMS 0x0000000081a00000, 0x0000000081a00000| Untracked 
|  27|0x0000000081b00000, 0x0000000081b00000, 0x0000000081c00000|  0%| F|  |TAMS 0x0000000081b00000, 0x0000000081b00000| Untracked 
|  28|0x0000000081c00000, 0x0000000081c00000, 0x0000000081d00000|  0%| F|  |TAMS 0x0000000081c00000, 0x0000000081c00000| Untracked 
|  29|0x0000000081d00000, 0x0000000081d00000, 0x0000000081e00000|  0%| F|  |TAMS 0x0000000081d00000, 0x0000000081d00000| Untracked 
|  30|0x0000000081e00000, 0x0000000081e00000, 0x0000000081f00000|  0%| F|  |TAMS 0x0000000081e00000, 0x0000000081e00000| Untracked 
|  31|0x0000000081f00000, 0x0000000081f00000, 0x0000000082000000|  0%| F|  |TAMS 0x0000000081f00000, 0x0000000081f00000| Untracked 
|  32|0x0000000082000000, 0x0000000082000000, 0x0000000082100000|  0%| F|  |TAMS 0x0000000082000000, 0x0000000082000000| Untracked 
|  33|0x0000000082100000, 0x0000000082100000, 0x0000000082200000|  0%| F|  |TAMS 0x0000000082100000, 0x0000000082100000| Untracked 
|  34|0x0000000082200000, 0x0000000082200000, 0x0000000082300000|  0%| F|  |TAMS 0x0000000082200000, 0x0000000082200000| Untracked 
|  35|0x0000000082300000, 0x0000000082300000, 0x0000000082400000|  0%| F|  |TAMS 0x0000000082300000, 0x0000000082300000| Untracked 
|  36|0x0000000082400000, 0x0000000082400000, 0x0000000082500000|  0%| F|  |TAMS 0x0000000082400000, 0x0000000082400000| Untracked 
|  37|0x0000000082500000, 0x0000000082500000, 0x0000000082600000|  0%| F|  |TAMS 0x0000000082500000, 0x0000000082500000| Untracked 
|  38|0x0000000082600000, 0x0000000082600000, 0x0000000082700000|  0%| F|  |TAMS 0x0000000082600000, 0x0000000082600000| Untracked 
|  39|0x0000000082700000, 0x0000000082700000, 0x0000000082800000|  0%| F|  |TAMS 0x0000000082700000, 0x0000000082700000| Untracked 
|  40|0x0000000082800000, 0x0000000082800000, 0x0000000082900000|  0%| F|  |TAMS 0x0000000082800000, 0x0000000082800000| Untracked 
|  41|0x0000000082900000, 0x0000000082900000, 0x0000000082a00000|  0%| F|  |TAMS 0x0000000082900000, 0x0000000082900000| Untracked 
|  42|0x0000000082a00000, 0x0000000082a00000, 0x0000000082b00000|  0%| F|  |TAMS 0x0000000082a00000, 0x0000000082a00000| Untracked 
|  43|0x0000000082b00000, 0x0000000082b00000, 0x0000000082c00000|  0%| F|  |TAMS 0x0000000082b00000, 0x0000000082b00000| Untracked 
|  44|0x0000000082c00000, 0x0000000082c00000, 0x0000000082d00000|  0%| F|  |TAMS 0x0000000082c00000, 0x0000000082c00000| Untracked 
|  45|0x0000000082d00000, 0x0000000082d00000, 0x0000000082e00000|  0%| F|  |TAMS 0x0000000082d00000, 0x0000000082d00000| Untracked 
|  46|0x0000000082e00000, 0x0000000082e00000, 0x0000000082f00000|  0%| F|  |TAMS 0x0000000082e00000, 0x0000000082e00000| Untracked 
|  47|0x0000000082f00000, 0x0000000082f00000, 0x0000000083000000|  0%| F|  |TAMS 0x0000000082f00000, 0x0000000082f00000| Untracked 
|  48|0x0000000083000000, 0x0000000083000000, 0x0000000083100000|  0%| F|  |TAMS 0x0000000083000000, 0x0000000083000000| Untracked 
|  49|0x0000000083100000, 0x0000000083100000, 0x0000000083200000|  0%| F|  |TAMS 0x0000000083100000, 0x0000000083100000| Untracked 
|  50|0x0000000083200000, 0x0000000083200000, 0x0000000083300000|  0%| F|  |TAMS 0x0000000083200000, 0x0000000083200000| Untracked 
|  51|0x0000000083300000, 0x0000000083300000, 0x0000000083400000|  0%| F|  |TAMS 0x0000000083300000, 0x0000000083300000| Untracked 
|  52|0x0000000083400000, 0x0000000083400000, 0x0000000083500000|  0%| F|  |TAMS 0x0000000083400000, 0x0000000083400000| Untracked 
|  53|0x0000000083500000, 0x0000000083500000, 0x0000000083600000|  0%| F|  |TAMS 0x0000000083500000, 0x0000000083500000| Untracked 
|  54|0x0000000083600000, 0x0000000083600000, 0x0000000083700000|  0%| F|  |TAMS 0x0000000083600000, 0x0000000083600000| Untracked 
|  55|0x0000000083700000, 0x0000000083700000, 0x0000000083800000|  0%| F|  |TAMS 0x0000000083700000, 0x0000000083700000| Untracked 
|  56|0x0000000083800000, 0x0000000083800000, 0x0000000083900000|  0%| F|  |TAMS 0x0000000083800000, 0x0000000083800000| Untracked 
|  57|0x0000000083900000, 0x0000000083900000, 0x0000000083a00000|  0%| F|  |TAMS 0x0000000083900000, 0x0000000083900000| Untracked 
|  58|0x0000000083a00000, 0x0000000083a00000, 0x0000000083b00000|  0%| F|  |TAMS 0x0000000083a00000, 0x0000000083a00000| Untracked 
|  59|0x0000000083b00000, 0x0000000083b00000, 0x0000000083c00000|  0%| F|  |TAMS 0x0000000083b00000, 0x0000000083b00000| Untracked 
|  60|0x0000000083c00000, 0x0000000083c00000, 0x0000000083d00000|  0%| F|  |TAMS 0x0000000083c00000, 0x0000000083c00000| Untracked 
|  61|0x0000000083d00000, 0x0000000083d00000, 0x0000000083e00000|  0%| F|  |TAMS 0x0000000083d00000, 0x0000000083d00000| Untracked 
|  62|0x0000000083e00000, 0x0000000083e00000, 0x0000000083f00000|  0%| F|  |TAMS 0x0000000083e00000, 0x0000000083e00000| Untracked 
|  63|0x0000000083f00000, 0x0000000083f00000, 0x0000000084000000|  0%| F|  |TAMS 0x0000000083f00000, 0x0000000083f00000| Untracked 
|  64|0x0000000084000000, 0x0000000084000000, 0x0000000084100000|  0%| F|  |TAMS 0x0000000084000000, 0x0000000084000000| Untracked 
|  65|0x0000000084100000, 0x0000000084100000, 0x0000000084200000|  0%| F|  |TAMS 0x0000000084100000, 0x0000000084100000| Untracked 
|  66|0x0000000084200000, 0x0000000084200000, 0x0000000084300000|  0%| F|  |TAMS 0x0000000084200000, 0x0000000084200000| Untracked 
|  67|0x0000000084300000, 0x0000000084300000, 0x0000000084400000|  0%| F|  |TAMS 0x0000000084300000, 0x0000000084300000| Untracked 
|  68|0x0000000084400000, 0x0000000084400000, 0x0000000084500000|  0%| F|  |TAMS 0x0000000084400000, 0x0000000084400000| Untracked 
|  69|0x0000000084500000, 0x0000000084500000, 0x0000000084600000|  0%| F|  |TAMS 0x0000000084500000, 0x0000000084500000| Untracked 
|  70|0x0000000084600000, 0x0000000084600000, 0x0000000084700000|  0%| F|  |TAMS 0x0000000084600000, 0x0000000084600000| Untracked 
|  71|0x0000000084700000, 0x0000000084700000, 0x0000000084800000|  0%| F|  |TAMS 0x0000000084700000, 0x0000000084700000| Untracked 
|  72|0x0000000084800000, 0x0000000084800000, 0x0000000084900000|  0%| F|  |TAMS 0x0000000084800000, 0x0000000084800000| Untracked 
|  73|0x0000000084900000, 0x0000000084900000, 0x0000000084a00000|  0%| F|  |TAMS 0x0000000084900000, 0x0000000084900000| Untracked 
|  74|0x0000000084a00000, 0x0000000084a00000, 0x0000000084b00000|  0%| F|  |TAMS 0x0000000084a00000, 0x0000000084a00000| Untracked 
|  75|0x0000000084b00000, 0x0000000084b00000, 0x0000000084c00000|  0%| F|  |TAMS 0x0000000084b00000, 0x0000000084b00000| Untracked 
|  76|0x0000000084c00000, 0x0000000084c00000, 0x0000000084d00000|  0%| F|  |TAMS 0x0000000084c00000, 0x0000000084c00000| Untracked 
|  77|0x0000000084d00000, 0x0000000084d00000, 0x0000000084e00000|  0%| F|  |TAMS 0x0000000084d00000, 0x0000000084d00000| Untracked 
|  78|0x0000000084e00000, 0x0000000084e00000, 0x0000000084f00000|  0%| F|  |TAMS 0x0000000084e00000, 0x0000000084e00000| Untracked 
|  79|0x0000000084f00000, 0x0000000084f00000, 0x0000000085000000|  0%| F|  |TAMS 0x0000000084f00000, 0x0000000084f00000| Untracked 
|  80|0x0000000085000000, 0x0000000085000000, 0x0000000085100000|  0%| F|  |TAMS 0x0000000085000000, 0x0000000085000000| Untracked 
|  81|0x0000000085100000, 0x0000000085100000, 0x0000000085200000|  0%| F|  |TAMS 0x0000000085100000, 0x0000000085100000| Untracked 
|  82|0x0000000085200000, 0x0000000085200000, 0x0000000085300000|  0%| F|  |TAMS 0x0000000085200000, 0x0000000085200000| Untracked 
|  83|0x0000000085300000, 0x0000000085300000, 0x0000000085400000|  0%| F|  |TAMS 0x0000000085300000, 0x0000000085300000| Untracked 
|  84|0x0000000085400000, 0x0000000085400000, 0x0000000085500000|  0%| F|  |TAMS 0x0000000085400000, 0x0000000085400000| Untracked 
|  85|0x0000000085500000, 0x0000000085500000, 0x0000000085600000|  0%| F|  |TAMS 0x0000000085500000, 0x0000000085500000| Untracked 
|  86|0x0000000085600000, 0x0000000085600000, 0x0000000085700000|  0%| F|  |TAMS 0x0000000085600000, 0x0000000085600000| Untracked 
|  87|0x0000000085700000, 0x0000000085700000, 0x0000000085800000|  0%| F|  |TAMS 0x0000000085700000, 0x0000000085700000| Untracked 
|  88|0x0000000085800000, 0x0000000085800000, 0x0000000085900000|  0%| F|  |TAMS 0x0000000085800000, 0x0000000085800000| Untracked 
|  89|0x0000000085900000, 0x0000000085900000, 0x0000000085a00000|  0%| F|  |TAMS 0x0000000085900000, 0x0000000085900000| Untracked 
|  90|0x0000000085a00000, 0x0000000085a00000, 0x0000000085b00000|  0%| F|  |TAMS 0x0000000085a00000, 0x0000000085a00000| Untracked 
|  91|0x0000000085b00000, 0x0000000085b00000, 0x0000000085c00000|  0%| F|  |TAMS 0x0000000085b00000, 0x0000000085b00000| Untracked 
|  92|0x0000000085c00000, 0x0000000085c00000, 0x0000000085d00000|  0%| F|  |TAMS 0x0000000085c00000, 0x0000000085c00000| Untracked 
|  93|0x0000000085d00000, 0x0000000085d00000, 0x0000000085e00000|  0%| F|  |TAMS 0x0000000085d00000, 0x0000000085d00000| Untracked 
|  94|0x0000000085e00000, 0x0000000085e00000, 0x0000000085f00000|  0%| F|  |TAMS 0x0000000085e00000, 0x0000000085e00000| Untracked 
|  95|0x0000000085f00000, 0x0000000085f00000, 0x0000000086000000|  0%| F|  |TAMS 0x0000000085f00000, 0x0000000085f00000| Untracked 
|  96|0x0000000086000000, 0x0000000086000000, 0x0000000086100000|  0%| F|  |TAMS 0x0000000086000000, 0x0000000086000000| Untracked 
|  97|0x0000000086100000, 0x0000000086100000, 0x0000000086200000|  0%| F|  |TAMS 0x0000000086100000, 0x0000000086100000| Untracked 
|  98|0x0000000086200000, 0x0000000086200000, 0x0000000086300000|  0%| F|  |TAMS 0x0000000086200000, 0x0000000086200000| Untracked 
|  99|0x0000000086300000, 0x0000000086300000, 0x0000000086400000|  0%| F|  |TAMS 0x0000000086300000, 0x0000000086300000| Untracked 
| 100|0x0000000086400000, 0x0000000086500000, 0x0000000086500000|100%| E|  |TAMS 0x0000000086400000, 0x0000000086400000| Complete 
| 101|0x0000000086500000, 0x0000000086600000, 0x0000000086600000|100%| E|CS|TAMS 0x0000000086500000, 0x0000000086500000| Complete 
| 102|0x0000000086600000, 0x0000000086700000, 0x0000000086700000|100%| E|CS|TAMS 0x0000000086600000, 0x0000000086600000| Complete 
| 103|0x0000000086700000, 0x0000000086800000, 0x0000000086800000|100%| E|CS|TAMS 0x0000000086700000, 0x0000000086700000| Complete 
| 104|0x0000000086800000, 0x0000000086900000, 0x0000000086900000|100%| E|CS|TAMS 0x0000000086800000, 0x0000000086800000| Complete 
| 105|0x0000000086900000, 0x0000000086a00000, 0x0000000086a00000|100%| E|CS|TAMS 0x0000000086900000, 0x0000000086900000| Complete 
| 106|0x0000000086a00000, 0x0000000086b00000, 0x0000000086b00000|100%| E|CS|TAMS 0x0000000086a00000, 0x0000000086a00000| Complete 
| 107|0x0000000086b00000, 0x0000000086c00000, 0x0000000086c00000|100%| E|CS|TAMS 0x0000000086b00000, 0x0000000086b00000| Complete 
| 108|0x0000000086c00000, 0x0000000086d00000, 0x0000000086d00000|100%| E|CS|TAMS 0x0000000086c00000, 0x0000000086c00000| Complete 
| 109|0x0000000086d00000, 0x0000000086e00000, 0x0000000086e00000|100%| E|CS|TAMS 0x0000000086d00000, 0x0000000086d00000| Complete 
| 110|0x0000000086e00000, 0x0000000086f00000, 0x0000000086f00000|100%| E|CS|TAMS 0x0000000086e00000, 0x0000000086e00000| Complete 
| 111|0x0000000086f00000, 0x0000000087000000, 0x0000000087000000|100%| E|CS|TAMS 0x0000000086f00000, 0x0000000086f00000| Complete 
| 112|0x0000000087000000, 0x0000000087100000, 0x0000000087100000|100%| E|CS|TAMS 0x0000000087000000, 0x0000000087000000| Complete 
| 113|0x0000000087100000, 0x0000000087200000, 0x0000000087200000|100%| E|CS|TAMS 0x0000000087100000, 0x0000000087100000| Complete 
| 114|0x0000000087200000, 0x0000000087300000, 0x0000000087300000|100%| E|CS|TAMS 0x0000000087200000, 0x0000000087200000| Complete 
| 115|0x0000000087300000, 0x0000000087400000, 0x0000000087400000|100%| E|CS|TAMS 0x0000000087300000, 0x0000000087300000| Complete 
| 116|0x0000000087400000, 0x0000000087500000, 0x0000000087500000|100%| E|CS|TAMS 0x0000000087400000, 0x0000000087400000| Complete 
| 117|0x0000000087500000, 0x0000000087600000, 0x0000000087600000|100%| E|CS|TAMS 0x0000000087500000, 0x0000000087500000| Complete 
| 118|0x0000000087600000, 0x0000000087700000, 0x0000000087700000|100%| E|CS|TAMS 0x0000000087600000, 0x0000000087600000| Complete 
| 119|0x0000000087700000, 0x0000000087800000, 0x0000000087800000|100%| E|CS|TAMS 0x0000000087700000, 0x0000000087700000| Complete 
| 120|0x0000000087800000, 0x0000000087900000, 0x0000000087900000|100%| E|CS|TAMS 0x0000000087800000, 0x0000000087800000| Complete 
| 121|0x0000000087900000, 0x0000000087909228, 0x0000000087a00000|  3%| S|CS|TAMS 0x0000000087900000, 0x0000000087900000| Complete 
| 122|0x0000000087a00000, 0x0000000087b00000, 0x0000000087b00000|100%| S|CS|TAMS 0x0000000087a00000, 0x0000000087a00000| Complete 
| 123|0x0000000087b00000, 0x0000000087c00000, 0x0000000087c00000|100%| E|CS|TAMS 0x0000000087b00000, 0x0000000087b00000| Complete 
| 124|0x0000000087c00000, 0x0000000087d00000, 0x0000000087d00000|100%| E|CS|TAMS 0x0000000087c00000, 0x0000000087c00000| Complete 
| 125|0x0000000087d00000, 0x0000000087e00000, 0x0000000087e00000|100%| E|CS|TAMS 0x0000000087d00000, 0x0000000087d00000| Complete 

Card table byte_map: [0x0000026e13390000,0x0000026e13790000] _byte_map_base: 0x0000026e12f90000

Marking Bits (Prev, Next): (CMBitMap*) 0x0000026e7e25f538, (CMBitMap*) 0x0000026e7e25f570
 Prev Bits: [0x0000026e13b90000, 0x0000026e15b90000)
 Next Bits: [0x0000026e15b90000, 0x0000026e17b90000)

Polling page: 0x0000026e7fab0000

Metaspace:

Usage:
  Non-class:     20.11 MB capacity,    19.76 MB ( 98%) used,   320.31 KB (  2%) free+waste,    39.13 KB ( <1%) overhead. 
      Class:      3.06 MB capacity,     2.88 MB ( 94%) used,   165.48 KB (  5%) free+waste,    19.38 KB ( <1%) overhead. 
       Both:     23.17 MB capacity,    22.64 MB ( 98%) used,   485.80 KB (  2%) free+waste,    58.50 KB ( <1%) overhead. 

Virtual space:
  Non-class space:       30.00 MB reserved,      20.25 MB ( 68%) committed 
      Class space:        1.00 GB reserved,       3.13 MB ( <1%) committed 
             Both:        1.03 GB reserved,      23.38 MB (  2%) committed 

Chunk freelists:
   Non-Class:  11.00 KB
       Class:  3.00 KB
        Both:  14.00 KB

MaxMetaspaceSize: 17179869184.00 GB
CompressedClassSpaceSize: 1.00 GB
Initial GC threshold: 20.80 MB
Current GC threshold: 36.04 MB
CDS: off

CodeHeap 'non-profiled nmethods': size=120000Kb used=1046Kb max_used=1046Kb free=118953Kb
 bounds [0x0000026e0b500000, 0x0000026e0b770000, 0x0000026e12a30000]
CodeHeap 'profiled nmethods': size=120000Kb used=4096Kb max_used=4096Kb free=115904Kb
 bounds [0x0000026e03fd0000, 0x0000026e043d0000, 0x0000026e0b500000]
CodeHeap 'non-nmethods': size=5760Kb used=1219Kb max_used=1231Kb free=4540Kb
 bounds [0x0000026e03a30000, 0x0000026e03ca0000, 0x0000026e03fd0000]
 total_blobs=2448 nmethods=1962 adapters=398
 compilation: enabled
              stopped_count=0, restarted_count=0
 full_count=0

Compilation events (20 events):
Event: 4.218 Thread 0x0000026e1b011000 1938       3       java.lang.Package$VersionInfo::<init> (44 bytes)
Event: 4.218 Thread 0x0000026e1b011000 nmethod 1938 0x0000026e043c5190 code [0x0000026e043c5360, 0x0000026e043c5758]
Event: 4.242 Thread 0x0000026e1b011000 1939       3       org.gradle.internal.service.RelevantMethodsBuilder::add (104 bytes)
Event: 4.244 Thread 0x0000026e1b011000 nmethod 1939 0x0000026e043c5810 code [0x0000026e043c5b00, 0x0000026e043c69c8]
Event: 4.244 Thread 0x0000026e1b011000 1944       3       org.gradle.internal.service.DefaultServiceMethodFactory::toServiceMethod (11 bytes)
Event: 4.245 Thread 0x0000026e1b011000 nmethod 1944 0x0000026e043c6f90 code [0x0000026e043c7140, 0x0000026e043c7308]
Event: 4.245 Thread 0x0000026e1b011000 1945   !   3       org.gradle.internal.service.MethodHandleBasedServiceMethodFactory::toServiceMethod (51 bytes)
Event: 4.248 Thread 0x0000026e1b011000 nmethod 1945 0x0000026e043c7410 code [0x0000026e043c7780, 0x0000026e043c8ce8]
Event: 4.248 Thread 0x0000026e1b011000 1940       3       java.util.LinkedList$ListItr::remove (84 bytes)
Event: 4.249 Thread 0x0000026e1b011000 nmethod 1940 0x0000026e043c9410 code [0x0000026e043c9620, 0x0000026e043c9a88]
Event: 4.249 Thread 0x0000026e1b011000 1941       3       java.util.LinkedList::unlink (91 bytes)
Event: 4.250 Thread 0x0000026e1b011000 nmethod 1941 0x0000026e043c9c90 code [0x0000026e043c9e60, 0x0000026e043ca238]
Event: 4.250 Thread 0x0000026e1b011000 1946       3       org.gradle.internal.service.DefaultServiceRegistry$FactoryMethodService::<init> (22 bytes)
Event: 4.251 Thread 0x0000026e1b011000 nmethod 1946 0x0000026e043ca390 code [0x0000026e043ca5e0, 0x0000026e043cb028]
Event: 4.251 Thread 0x0000026e1b011000 1943       3       sun.reflect.generics.parser.SignatureParser::parseFieldTypeSignature (73 bytes)
Event: 4.251 Thread 0x0000026e1b011000 nmethod 1943 0x0000026e043cb390 code [0x0000026e043cb5e0, 0x0000026e043cba98]
Event: 4.269 Thread 0x0000026e1b011000 1947       3       sun.reflect.generics.scope.ClassScope::make (9 bytes)
Event: 4.269 Thread 0x0000026e1b011000 nmethod 1947 0x0000026e043cbc90 code [0x0000026e043cbe60, 0x0000026e043cc118]
Event: 4.269 Thread 0x0000026e1b011000 1948       3       sun.reflect.generics.scope.ClassScope::<init> (6 bytes)
Event: 4.269 Thread 0x0000026e1b011000 nmethod 1948 0x0000026e043cc210 code [0x0000026e043cc3c0, 0x0000026e043cc5d8]

GC Heap History (8 events):
Event: 1.287 GC heap before
{Heap before GC invocations=0 (full 0):
 garbage-first heap   total 129024K, used 30720K [0x0000000080000000, 0x0000000100000000)
  region size 1024K, 24 young (24576K), 0 survivors (0K)
 Metaspace       used 10241K, capacity 10495K, committed 10624K, reserved 1058816K
  class space    used 1072K, capacity 1141K, committed 1152K, reserved 1048576K
}
Event: 1.300 GC heap after
{Heap after GC invocations=1 (full 0):
 garbage-first heap   total 129024K, used 9400K [0x0000000080000000, 0x0000000100000000)
  region size 1024K, 3 young (3072K), 3 survivors (3072K)
 Metaspace       used 10241K, capacity 10495K, committed 10624K, reserved 1058816K
  class space    used 1072K, capacity 1141K, committed 1152K, reserved 1048576K
}
Event: 3.604 GC heap before
{Heap before GC invocations=1 (full 0):
 garbage-first heap   total 129024K, used 84152K [0x0000000080000000, 0x0000000100000000)
  region size 1024K, 75 young (76800K), 3 survivors (3072K)
 Metaspace       used 17653K, capacity 18041K, committed 18176K, reserved 1064960K
  class space    used 2089K, capacity 2211K, committed 2304K, reserved 1048576K
}
Event: 3.619 GC heap after
{Heap after GC invocations=2 (full 0):
 garbage-first heap   total 129024K, used 16206K [0x0000000080000000, 0x0000000100000000)
  region size 1024K, 10 young (10240K), 10 survivors (10240K)
 Metaspace       used 17653K, capacity 18041K, committed 18176K, reserved 1064960K
  class space    used 2089K, capacity 2211K, committed 2304K, reserved 1048576K
}
Event: 3.957 GC heap before
{Heap before GC invocations=2 (full 0):
 garbage-first heap   total 129024K, used 43854K [0x0000000080000000, 0x0000000100000000)
  region size 1024K, 38 young (38912K), 10 survivors (10240K)
 Metaspace       used 20665K, capacity 21141K, committed 21248K, reserved 1067008K
  class space    used 2545K, capacity 2712K, committed 2816K, reserved 1048576K
}
Event: 3.972 GC heap after
{Heap after GC invocations=3 (full 0):
 garbage-first heap   total 129024K, used 17494K [0x0000000080000000, 0x0000000100000000)
  region size 1024K, 2 young (2048K), 2 survivors (2048K)
 Metaspace       used 20665K, capacity 21141K, committed 21248K, reserved 1067008K
  class space    used 2545K, capacity 2712K, committed 2816K, reserved 1048576K
}
Event: 4.030 GC heap before
{Heap before GC invocations=4 (full 0):
 garbage-first heap   total 129024K, used 19542K [0x0000000080000000, 0x0000000100000000)
  region size 1024K, 5 young (5120K), 2 survivors (2048K)
 Metaspace       used 21155K, capacity 21699K, committed 21760K, reserved 1075200K
  class space    used 2626K, capacity 2796K, committed 2816K, reserved 1048576K
}
Event: 4.036 GC heap after
{Heap after GC invocations=5 (full 0):
 garbage-first heap   total 129024K, used 17283K [0x0000000080000000, 0x0000000100000000)
  region size 1024K, 2 young (2048K), 2 survivors (2048K)
 Metaspace       used 21155K, capacity 21699K, committed 21760K, reserved 1075200K
  class space    used 2626K, capacity 2796K, committed 2816K, reserved 1048576K
}

Deoptimization events (20 events):
Event: 3.943 Thread 0x0000026e1c8f6800 Uncommon trap: trap_request=0xffffffc6 fr.pc=0x0000026e0b57d824 relative=0x0000000000000084
Event: 3.943 Thread 0x0000026e1c8f6800 Uncommon trap: reason=bimorphic_or_optimized_type_check action=maybe_recompile pc=0x0000026e0b57d824 method=java.util.AbstractList$Itr.hasNext()Z @ 8 c2
Event: 3.943 Thread 0x0000026e1c8f6800 DEOPT PACKING pc=0x0000026e0b57d824 sp=0x000000d7e0dfad20
Event: 3.943 Thread 0x0000026e1c8f6800 DEOPT UNPACKING pc=0x0000026e03a7a1af sp=0x000000d7e0dfacb8 mode 2
Event: 3.943 Thread 0x0000026e1c8f6800 Uncommon trap: trap_request=0xffffffc6 fr.pc=0x0000026e0b57dbc0 relative=0x0000000000000100
Event: 3.943 Thread 0x0000026e1c8f6800 Uncommon trap: reason=bimorphic_or_optimized_type_check action=maybe_recompile pc=0x0000026e0b57dbc0 method=java.util.AbstractList$Itr.next()Ljava/lang/Object; @ 14 c2
Event: 3.943 Thread 0x0000026e1c8f6800 DEOPT PACKING pc=0x0000026e0b57dbc0 sp=0x000000d7e0dfad10
Event: 3.943 Thread 0x0000026e1c8f6800 DEOPT UNPACKING pc=0x0000026e03a7a1af sp=0x000000d7e0dfaca8 mode 2
Event: 3.944 Thread 0x0000026e1c8f6800 Uncommon trap: trap_request=0xffffff4d fr.pc=0x0000026e0b578478 relative=0x00000000000005b8
Event: 3.944 Thread 0x0000026e1c8f6800 Uncommon trap: reason=unstable_if action=reinterpret pc=0x0000026e0b578478 method=java.io.File.getName()Ljava/lang/String; @ 16 c2
Event: 3.944 Thread 0x0000026e1c8f6800 DEOPT PACKING pc=0x0000026e0b578478 sp=0x000000d7e0dfb6e0
Event: 3.944 Thread 0x0000026e1c8f6800 DEOPT UNPACKING pc=0x0000026e03a7a1af sp=0x000000d7e0dfb6b0 mode 2
Event: 3.944 Thread 0x0000026e1c8f6800 Uncommon trap: trap_request=0xffffff4d fr.pc=0x0000026e0b576610 relative=0x0000000000000450
Event: 3.944 Thread 0x0000026e1c8f6800 Uncommon trap: reason=unstable_if action=reinterpret pc=0x0000026e0b576610 method=java.lang.String.substring(I)Ljava/lang/String; @ 34 c2
Event: 3.944 Thread 0x0000026e1c8f6800 DEOPT PACKING pc=0x0000026e0b576610 sp=0x000000d7e0dfb660
Event: 3.944 Thread 0x0000026e1c8f6800 DEOPT UNPACKING pc=0x0000026e03a7a1af sp=0x000000d7e0dfb638 mode 2
Event: 4.106 Thread 0x0000026e1c8f6800 Uncommon trap: trap_request=0xffffff4d fr.pc=0x0000026e0b5e8d98 relative=0x0000000000000398
Event: 4.106 Thread 0x0000026e1c8f6800 Uncommon trap: reason=unstable_if action=reinterpret pc=0x0000026e0b5e8d98 method=jdk.internal.org.objectweb.asm.Type.getArgumentsAndReturnSizes(Ljava/lang/String;)I @ 88 c2
Event: 4.106 Thread 0x0000026e1c8f6800 DEOPT PACKING pc=0x0000026e0b5e8d98 sp=0x000000d7e0df9c50
Event: 4.106 Thread 0x0000026e1c8f6800 DEOPT UNPACKING pc=0x0000026e03a7a1af sp=0x000000d7e0df9bd8 mode 2

Classes redefined (0 events):
No events

Internal exceptions (20 events):
Event: 0.809 Thread 0x0000026e7e21d000 Exception <a 'java/lang/NoClassDefFoundError'{0x0000000086fa18c8}: org/slf4j/impl/StaticMarkerBinder> (0x0000000086fa18c8) thrown at [./src/hotspot/share/classfile/systemDictionary.cpp, line 220]
Event: 0.964 Thread 0x0000026e7e21d000 Exception <a 'java/lang/NoSuchMethodError'{0x0000000086cb7fd8}: 'java.lang.Object java.lang.invoke.DirectMethodHandle$Holder.invokeVirtual(java.lang.Object, java.lang.Object, java.lang.Object, java.lang.Object, java.lang.Object, java.lang.Object, java.lang.Object)'> (0x0000000086cb7fd8) thrown at [./src/hotspot/share/interpreter/linkResolver.cpp, line 773]
Event: 0.967 Thread 0x0000026e7e21d000 Exception <a 'java/lang/NoSuchMethodError'{0x0000000086ccc428}: 'java.lang.Object java.lang.invoke.Invokers$Holder.invoker(java.lang.Object, java.lang.Object, java.lang.Object)'> (0x0000000086ccc428) thrown at [./src/hotspot/share/interpreter/linkResolver.cpp, line 773]
Event: 0.971 Thread 0x0000026e7e21d000 Exception <a 'java/lang/NoSuchMethodError'{0x0000000086cdd4a0}: 'void java.lang.invoke.DelegatingMethodHandle$Holder.delegate(java.lang.Object, java.lang.Object, int, java.lang.Object)'> (0x0000000086cdd4a0) thrown at [./src/hotspot/share/interpreter/linkResolver.cpp, line 773]
Event: 2.032 Thread 0x0000026e7e21d000 Exception <a 'java/security/PrivilegedActionException'{0x00000000858d1780}> (0x00000000858d1780) thrown at [./src/hotspot/share/prims/jvm.cpp, line 1306]
Event: 2.033 Thread 0x0000026e7e21d000 Exception <a 'java/security/PrivilegedActionException'{0x00000000858d1cf8}> (0x00000000858d1cf8) thrown at [./src/hotspot/share/prims/jvm.cpp, line 1306]
Event: 2.418 Thread 0x0000026e7e21d000 Exception <a 'java/lang/NoSuchMethodError'{0x00000000847e1bd8}: 'java.lang.Object java.lang.invoke.DirectMethodHandle$Holder.invokeStaticInit(java.lang.Object, java.lang.Object, java.lang.Object)'> (0x00000000847e1bd8) thrown at [./src/hotspot/share/interpreter/linkResolver.cpp, line 773]
Event: 2.632 Thread 0x0000026e7e21d000 Exception <a 'java/lang/NoSuchMethodError'{0x0000000084049b68}: 'java.lang.Object java.lang.invoke.DirectMethodHandle$Holder.invokeStaticInit(java.lang.Object, int, int, int, int)'> (0x0000000084049b68) thrown at [./src/hotspot/share/interpreter/linkResolver.cpp, line 773]
Event: 2.932 Thread 0x0000026e7e21d000 Exception <a 'java/lang/NoSuchMethodError'{0x000000008406afe8}: 'java.lang.Object java.lang.invoke.DirectMethodHandle$Holder.invokeStaticInit(java.lang.Object, java.lang.Object, int, int, int, int)'> (0x000000008406afe8) thrown at [./src/hotspot/share/interpreter/linkResolver.cpp, line 773]
Event: 3.403 Thread 0x0000026e7e21d000 Exception <a 'java/io/IOException'{0x0000000083eb91a8}> (0x0000000083eb91a8) thrown at [./src/hotspot/share/prims/jni.cpp, line 615]
Event: 3.537 Thread 0x0000026e1c8f6800 Exception <a 'java/lang/NoSuchMethodError'{0x00000000838ea900}: 'long java.lang.invoke.DirectMethodHandle$Holder.invokeInterface(java.lang.Object, java.lang.Object)'> (0x00000000838ea900) thrown at [./src/hotspot/share/interpreter/linkResolver.cpp, line 773]
Event: 3.540 Thread 0x0000026e1c8f6800 Exception <a 'java/lang/NoSuchMethodError'{0x00000000838f79a0}: 'void java.lang.invoke.DelegatingMethodHandle$Holder.reinvoke_L(java.lang.Object, java.lang.Object, java.lang.Object, java.lang.Object, java.lang.Object, java.lang.Object, java.lang.Object)'> (0x00000000838f79a0) thrown at [./src/hotspot/share/interpreter/linkResolver.cpp, line 773]
Event: 3.847 Thread 0x0000026e1c8f6800 Exception <a 'java/lang/NoSuchMethodError'{0x000000008678fbe0}: 'void java.lang.invoke.DirectMethodHandle$Holder.invokeStaticInit(java.lang.Object)'> (0x000000008678fbe0) thrown at [./src/hotspot/share/interpreter/linkResolver.cpp, line 773]
Event: 3.861 Thread 0x0000026e1c8f6800 Exception <a 'java/lang/NoSuchMethodError'{0x000000008663d560}: 'java.lang.Object java.lang.invoke.DirectMethodHandle$Holder.invokeStatic(java.lang.Object, java.lang.Object, java.lang.Object, int)'> (0x000000008663d560) thrown at [./src/hotspot/share/interpreter/linkResolver.cpp, line 773]
Event: 3.861 Thread 0x0000026e1c8f6800 Exception <a 'java/lang/NoSuchMethodError'{0x0000000086641c78}: 'java.lang.Object java.lang.invoke.DirectMethodHandle$Holder.invokeSpecial(java.lang.Object, java.lang.Object, java.lang.Object, java.lang.Object, int)'> (0x0000000086641c78) thrown at [./src/hotspot/share/interpreter/linkResolver.cpp, line 773]
Event: 3.861 Thread 0x0000026e1c8f6800 Exception <a 'java/lang/NoSuchMethodError'{0x0000000086645bb0}: 'java.lang.Object java.lang.invoke.Invokers$Holder.linkToTargetMethod(java.lang.Object, java.lang.Object, int, java.lang.Object)'> (0x0000000086645bb0) thrown at [./src/hotspot/share/interpreter/linkResolver.cpp, line 773]
Event: 4.015 Thread 0x0000026e1c8f6800 Exception <a 'java/lang/NoSuchMethodError'{0x0000000087b48ef8}: 'int java.lang.invoke.DirectMethodHandle$Holder.invokeSpecialIFC(java.lang.Object, java.lang.Object, java.lang.Object, java.lang.Object)'> (0x0000000087b48ef8) thrown at [./src/hotspot/share/interpreter/linkResolver.cpp, line 773]
Event: 4.018 Thread 0x0000026e1c8f6800 Exception <a 'java/lang/NoSuchMethodError'{0x0000000087b56eb0}: 'java.lang.Object java.lang.invoke.DirectMethodHandle$Holder.invokeInterface(java.lang.Object, java.lang.Object, java.lang.Object)'> (0x0000000087b56eb0) thrown at [./src/hotspot/share/interpreter/linkResolver.cpp, line 773]
Event: 4.018 Thread 0x0000026e1c8f6800 Exception <a 'java/lang/IncompatibleClassChangeError'{0x0000000087b5a388}: Found class java.lang.Object, but interface was expected> (0x0000000087b5a388) thrown at [./src/hotspot/share/interpreter/linkResolver.cpp, line 839]
Event: 4.202 Thread 0x0000026e1c8f6800 Exception <a 'java/lang/NoSuchMethodError'{0x0000000087014e88}: 'java.lang.Object java.lang.invoke.DirectMethodHandle$Holder.invokeSpecial(java.lang.Object, java.lang.Object, java.lang.Object, java.lang.Object, java.lang.Object, java.lang.Object, java.lang.Object, java.lang.Object, java.lang.Object)'> (0x0000000087014e88) thrown at [./src/hotspot/share/interpreter/linkResolver.cpp, line 773]

Events (20 events):
Event: 4.266 loading class org/gradle/jvm/toolchain/internal/InstallationSupplier
Event: 4.266 loading class org/gradle/jvm/toolchain/internal/InstallationSupplier done
Event: 4.267 loading class org/gradle/jvm/toolchain/internal/AutoInstalledInstallationSupplier
Event: 4.267 loading class org/gradle/jvm/toolchain/internal/AutoInstalledInstallationSupplier done
Event: 4.267 loading class org/gradle/jvm/toolchain/internal/CurrentInstallationSupplier
Event: 4.267 loading class org/gradle/jvm/toolchain/internal/CurrentInstallationSupplier done
Event: 4.268 loading class org/gradle/jvm/toolchain/internal/EnvironmentVariableListInstallationSupplier
Event: 4.268 loading class org/gradle/jvm/toolchain/internal/EnvironmentVariableListInstallationSupplier done
Event: 4.268 loading class org/gradle/jvm/toolchain/internal/JabbaInstallationSupplier
Event: 4.268 loading class org/gradle/jvm/toolchain/internal/JabbaInstallationSupplier done
Event: 4.268 loading class org/gradle/jvm/toolchain/internal/LinuxInstallationSupplier
Event: 4.268 loading class org/gradle/jvm/toolchain/internal/LinuxInstallationSupplier done
Event: 4.269 loading class org/gradle/jvm/toolchain/internal/LocationListInstallationSupplier
Event: 4.269 loading class org/gradle/jvm/toolchain/internal/LocationListInstallationSupplier done
Event: 4.269 loading class org/gradle/jvm/toolchain/internal/OsXInstallationSupplier
Event: 4.269 loading class org/gradle/jvm/toolchain/internal/OsXInstallationSupplier done
Event: 4.270 loading class org/gradle/process/internal/ExecException
Event: 4.270 loading class org/gradle/process/internal/ExecException done
Event: 4.270 loading class org/gradle/jvm/toolchain/internal/SdkmanInstallationSupplier
Event: 4.270 loading class org/gradle/jvm/toolchain/internal/SdkmanInstallationSupplier done


Dynamic libraries:
0x00007ff77cb50000 - 0x00007ff77cb5a000 	C:\Program Files\Android\Android Studio\jre\bin\java.exe
0x00007ffaeaff0000 - 0x00007ffaeb1e7000 	C:\WINDOWS\SYSTEM32\ntdll.dll
0x00007ffae94d0000 - 0x00007ffae958d000 	C:\WINDOWS\System32\KERNEL32.DLL
0x00007ffae8b40000 - 0x00007ffae8e0d000 	C:\WINDOWS\System32\KERNELBASE.dll
0x00007ffae8f50000 - 0x00007ffae9050000 	C:\WINDOWS\System32\ucrtbase.dll
0x00007ffadc170000 - 0x00007ffadc187000 	C:\Program Files\Android\Android Studio\jre\bin\VCRUNTIME140.dll
0x00007ffaddbd0000 - 0x00007ffaddbe9000 	C:\Program Files\Android\Android Studio\jre\bin\jli.dll
0x00007ffae98b0000 - 0x00007ffae9a50000 	C:\WINDOWS\System32\USER32.dll
0x00007ffae8710000 - 0x00007ffae8732000 	C:\WINDOWS\System32\win32u.dll
0x00007ffad3320000 - 0x00007ffad35ba000 	C:\WINDOWS\WinSxS\amd64_microsoft.windows.common-controls_6595b64144ccf1df_6.0.19041.1110_none_60b5254171f9507e\COMCTL32.dll
0x00007ffaeae20000 - 0x00007ffaeae4a000 	C:\WINDOWS\System32\GDI32.dll
0x00007ffae87e0000 - 0x00007ffae88eb000 	C:\WINDOWS\System32\gdi32full.dll
0x00007ffaeaf10000 - 0x00007ffaeafae000 	C:\WINDOWS\System32\msvcrt.dll
0x00007ffae8a50000 - 0x00007ffae8aed000 	C:\WINDOWS\System32\msvcp_win.dll
0x00007ffae9c70000 - 0x00007ffae9ca0000 	C:\WINDOWS\System32\IMM32.DLL
0x00007ffab17d0000 - 0x00007ffab186d000 	C:\Program Files\Android\Android Studio\jre\bin\msvcp140.dll
0x00007ffaa85f0000 - 0x00007ffaa90d5000 	C:\Program Files\Android\Android Studio\jre\bin\server\jvm.dll
0x00007ffae9bc0000 - 0x00007ffae9c6e000 	C:\WINDOWS\System32\ADVAPI32.dll
0x00007ffae9b20000 - 0x00007ffae9bbc000 	C:\WINDOWS\System32\sechost.dll
0x00007ffae9210000 - 0x00007ffae9335000 	C:\WINDOWS\System32\RPCRT4.dll
0x00007ffae9640000 - 0x00007ffae9648000 	C:\WINDOWS\System32\PSAPI.DLL
0x00007ffad1a30000 - 0x00007ffad1a39000 	C:\WINDOWS\SYSTEM32\WSOCK32.dll
0x00007ffad47e0000 - 0x00007ffad4807000 	C:\WINDOWS\SYSTEM32\WINMM.dll
0x00007ffadd510000 - 0x00007ffadd51a000 	C:\WINDOWS\SYSTEM32\VERSION.dll
0x00007ffaea240000 - 0x00007ffaea2ab000 	C:\WINDOWS\System32\WS2_32.dll
0x00007ffae6fa0000 - 0x00007ffae6fb2000 	C:\WINDOWS\SYSTEM32\kernel.appcore.dll
0x00007ffab94a0000 - 0x00007ffab94b1000 	C:\Program Files\Android\Android Studio\jre\bin\verify.dll
0x00007ffae2d90000 - 0x00007ffae2f74000 	C:\WINDOWS\SYSTEM32\DBGHELP.DLL
0x00007ffad4650000 - 0x00007ffad467c000 	C:\WINDOWS\SYSTEM32\dbgcore.DLL
0x00007ffae8e10000 - 0x00007ffae8e92000 	C:\WINDOWS\System32\bcryptPrimitives.dll
0x00007ffab0d20000 - 0x00007ffab0d49000 	C:\Program Files\Android\Android Studio\jre\bin\java.dll
0x00007ffade860000 - 0x00007ffade86b000 	C:\Program Files\Android\Android Studio\jre\bin\jimage.dll
0x00007ffab8c80000 - 0x00007ffab8c98000 	C:\Program Files\Android\Android Studio\jre\bin\zip.dll
0x00007ffaea2b0000 - 0x00007ffaea9f4000 	C:\WINDOWS\System32\SHELL32.dll
0x00007ffae36b0000 - 0x00007ffae3e44000 	C:\WINDOWS\SYSTEM32\windows.storage.dll
0x00007ffaeaac0000 - 0x00007ffaeae14000 	C:\WINDOWS\System32\combase.dll
0x00007ffae8100000 - 0x00007ffae812c000 	C:\WINDOWS\SYSTEM32\Wldp.dll
0x00007ffae9420000 - 0x00007ffae94cd000 	C:\WINDOWS\System32\SHCORE.dll
0x00007ffaeaa00000 - 0x00007ffaeaa55000 	C:\WINDOWS\System32\shlwapi.dll
0x00007ffae8650000 - 0x00007ffae866f000 	C:\WINDOWS\SYSTEM32\profapi.dll
0x00007ffab8a00000 - 0x00007ffab8a1a000 	C:\Program Files\Android\Android Studio\jre\bin\net.dll
0x00007ffadfc80000 - 0x00007ffadfd8a000 	C:\WINDOWS\SYSTEM32\WINHTTP.dll
0x00007ffae7e60000 - 0x00007ffae7eca000 	C:\WINDOWS\system32\mswsock.dll
0x00007ffab7870000 - 0x00007ffab7884000 	C:\Program Files\Android\Android Studio\jre\bin\nio.dll
0x00007ffae0c10000 - 0x00007ffae0c37000 	C:\Users\Dany\.gradle\native\e1d6ef7f7dcc3fd88c89a11ec53ec762bb8ba0a96d01ffa2cd45eb1d1d8dd5c5\windows-amd64\native-platform.dll
0x00007ffaaec60000 - 0x00007ffaaeda4000 	C:\Users\Dany\.gradle\native\5664cfc778a61ccfe75a443a1ab52a65af34e5dc3c78e0209fed803814484fcb\windows-amd64\native-platform-file-events.dll
0x00007ffadda50000 - 0x00007ffadda5a000 	C:\Program Files\Android\Android Studio\jre\bin\management.dll
0x00007ffadc1d0000 - 0x00007ffadc1dd000 	C:\Program Files\Android\Android Studio\jre\bin\management_ext.dll
0x00007ffae8050000 - 0x00007ffae8068000 	C:\WINDOWS\SYSTEM32\CRYPTSP.dll
0x00007ffae7780000 - 0x00007ffae77b4000 	C:\WINDOWS\system32\rsaenh.dll
0x00007ffae87b0000 - 0x00007ffae87d7000 	C:\WINDOWS\System32\bcrypt.dll
0x00007ffae85d0000 - 0x00007ffae85fe000 	C:\WINDOWS\SYSTEM32\USERENV.dll
0x00007ffae8070000 - 0x00007ffae807c000 	C:\WINDOWS\SYSTEM32\CRYPTBASE.dll
0x00007ffae7b50000 - 0x00007ffae7b8b000 	C:\WINDOWS\SYSTEM32\IPHLPAPI.DLL
0x00007ffaea230000 - 0x00007ffaea238000 	C:\WINDOWS\System32\NSI.dll
0x00007ffad99e0000 - 0x00007ffad99f7000 	C:\WINDOWS\SYSTEM32\dhcpcsvc6.DLL
0x00007ffadb630000 - 0x00007ffadb64d000 	C:\WINDOWS\SYSTEM32\dhcpcsvc.DLL
0x00007ffae7b90000 - 0x00007ffae7c5b000 	C:\WINDOWS\SYSTEM32\DNSAPI.dll

dbghelp: loaded successfully - version: 4.0.5 - missing functions: none
symbol engine: initialized successfully - sym options: 0x614 - pdb path: .;C:\Program Files\Android\Android Studio\jre\bin;C:\WINDOWS\SYSTEM32;C:\WINDOWS\WinSxS\amd64_microsoft.windows.common-controls_6595b64144ccf1df_6.0.19041.1110_none_60b5254171f9507e;C:\Program Files\Android\Android Studio\jre\bin\server;C:\Users\Dany\.gradle\native\e1d6ef7f7dcc3fd88c89a11ec53ec762bb8ba0a96d01ffa2cd45eb1d1d8dd5c5\windows-amd64;C:\Users\Dany\.gradle\native\5664cfc778a61ccfe75a443a1ab52a65af34e5dc3c78e0209fed803814484fcb\windows-amd64

VM Arguments:
jvm_args: --add-opens=java.base/java.util=ALL-UNNAMED --add-opens=java.base/java.lang=ALL-UNNAMED --add-opens=java.base/java.lang.invoke=ALL-UNNAMED --add-opens=java.base/java.util=ALL-UNNAMED --add-opens=java.prefs/java.util.prefs=ALL-UNNAMED --add-opens=java.prefs/java.util.prefs=ALL-UNNAMED --add-opens=java.base/java.nio.charset=ALL-UNNAMED --add-opens=java.base/java.net=ALL-UNNAMED --add-opens=java.base/java.util.concurrent.atomic=ALL-UNNAMED -Xmx2048m -Dfile.encoding=UTF-8 -Duser.country=EC -Duser.language=es -Duser.variant 
java_command: org.gradle.launcher.daemon.bootstrap.GradleDaemon 7.3.3
java_class_path (initial): C:\Users\Dany\.gradle\wrapper\dists\gradle-7.3.3-bin\6a41zxkdtcxs8rphpq6y0069z\gradle-7.3.3\lib\gradle-launcher-7.3.3.jar
Launcher Type: SUN_STANDARD

[Global flags]
     intx CICompilerCount                          = 4                                         {product} {ergonomic}
     uint ConcGCThreads                            = 2                                         {product} {ergonomic}
     uint G1ConcRefinementThreads                  = 8                                         {product} {ergonomic}
   size_t G1HeapRegionSize                         = 1048576                                   {product} {ergonomic}
    uintx GCDrainStackTargetSize                   = 64                                        {product} {ergonomic}
   size_t InitialHeapSize                          = 132120576                                 {product} {ergonomic}
   size_t MarkStackSize                            = 4194304                                   {product} {ergonomic}
   size_t MaxHeapSize                              = 2147483648                                {product} {command line}
   size_t MaxNewSize                               = 1287651328                                {product} {ergonomic}
   size_t MinHeapDeltaBytes                        = 1048576                                   {product} {ergonomic}
    uintx NonNMethodCodeHeapSize                   = 5836300                                {pd product} {ergonomic}
    uintx NonProfiledCodeHeapSize                  = 122910970                              {pd product} {ergonomic}
    uintx ProfiledCodeHeapSize                     = 122910970                              {pd product} {ergonomic}
    uintx ReservedCodeCacheSize                    = 251658240                              {pd product} {ergonomic}
     bool SegmentedCodeCache                       = true                                      {product} {ergonomic}
     bool UseCompressedClassPointers               = true                                 {lp64_product} {ergonomic}
     bool UseCompressedOops                        = true                                 {lp64_product} {ergonomic}
     bool UseG1GC                                  = true                                      {product} {ergonomic}
     bool UseLargePagesIndividualAllocation        = false                                  {pd product} {ergonomic}

Logging:
Log output configuration:
 #0: stdout all=warning uptime,level,tags
 #1: stderr all=off uptime,level,tags

Environment Variables:
PATH=C:\Program Files (x86)\Common Files\Oracle\Java\javapath;C:\app\Dany\product\18.0.0\dbhomeXE\bin;C:\Program Files (x86)\Intel\Intel(R) Management Engine Components\iCLS\;C:\Program Files\Intel\Intel(R) Management Engine Components\iCLS\;C:\WINDOWS\system32;C:\WINDOWS;C:\WINDOWS\System32\Wbem;C:\WINDOWS\System32\WindowsPowerShell\v1.0\;C:\WINDOWS\System32\OpenSSH\;C:\Program Files (x86)\Intel\Intel(R) Management Engine Components\DAL;C:\Program Files\Intel\Intel(R) Management Engine Components\DAL;C:\Program Files\Intel\WiFi\bin\;C:\Program Files\Common Files\Intel\WirelessCommon\;"C:\Program Files\Java\jdk-14.0.2\bin;";%USERPROFILE%\AppData\Local\Microsoft\WindowsApps
USERNAME=Dany
OS=Windows_NT
PROCESSOR_IDENTIFIER=Intel64 Family 6 Model 142 Stepping 10, GenuineIntel



---------------  S Y S T E M  ---------------

OS: Windows 10 , 64 bit Build 19041 (10.0.19041.1741)
OS uptime: 0 days 18:50 hours

CPU:total 8 (initial active 8) (4 cores per cpu, 2 threads per core) family 6 model 142 stepping 10 microcode 0xb4, cmov, cx8, fxsr, mmx, sse, sse2, sse3, ssse3, sse4.1, sse4.2, popcnt, avx, avx2, aes, clmul, erms, 3dnowpref, lzcnt, ht, tsc, tscinvbit, bmi1, bmi2, adx, fma

Memory: 4k page, system-wide physical 8044M (1098M free)
TotalPageFile size 10602M (AvailPageFile size 3M)
current process WorkingSet (physical memory assigned to process): 208M, peak: 208M
current process commit charge ("private bytes"): 274M, peak: 274M

vm_info: OpenJDK 64-Bit Server VM (11.0.12+7-b1504.28-7817840) for windows-amd64 JRE (11.0.12+7-b1504.28-7817840), built on Oct 13 2021 22:12:33 by "builder" with MS VC++ 14.0 (VS2015)

END.
